[0.126s] DEBUG:colcon:Command line arguments: ['/usr/bin/colcon', 'build', '--symlink-install']
[0.126s] DEBUG:colcon:Parsed command line arguments: Namespace(log_base=None, log_level=None, verb_name='build', build_base='build', install_base='install', merge_install=False, symlink_install=True, test_result_base=None, continue_on_error=False, executor='parallel', parallel_workers=8, event_handlers=None, ignore_user_meta=False, metas=['./colcon.meta'], base_paths=['.'], packages_ignore=None, packages_ignore_regex=None, paths=None, packages_up_to=None, packages_up_to_regex=None, packages_above=None, packages_above_and_dependencies=None, packages_above_depth=None, packages_select_by_dep=None, packages_skip_by_dep=None, packages_skip_up_to=None, packages_select_build_failed=False, packages_skip_build_finished=False, packages_select_test_failures=False, packages_skip_test_passed=False, packages_select=None, packages_skip=None, packages_select_regex=None, packages_skip_regex=None, packages_start=None, packages_end=None, allow_overriding=[], cmake_args=None, cmake_target=None, cmake_target_skip_unavailable=False, cmake_clean_cache=False, cmake_clean_first=False, cmake_force_configure=False, ament_cmake_args=None, catkin_cmake_args=None, catkin_skip_building_tests=False, verb_parser=<colcon_defaults.argument_parser.defaults.DefaultArgumentsDecorator object at 0x7f2986f3f7f0>, verb_extension=<colcon_core.verb.build.BuildVerb object at 0x7f2987084b80>, main=<bound method BuildVerb.main of <colcon_core.verb.build.BuildVerb object at 0x7f2987084b80>>)
[0.344s] Level 1:colcon.colcon_core.package_discovery:discover_packages(colcon_meta) check parameters
[0.344s] Level 1:colcon.colcon_core.package_discovery:discover_packages(recursive) check parameters
[0.344s] Level 1:colcon.colcon_core.package_discovery:discover_packages(ignore) check parameters
[0.344s] Level 1:colcon.colcon_core.package_discovery:discover_packages(path) check parameters
[0.344s] Level 1:colcon.colcon_core.package_discovery:discover_packages(colcon_meta) discover
[0.344s] Level 1:colcon.colcon_core.package_discovery:discover_packages(recursive) discover
[0.344s] INFO:colcon.colcon_core.package_discovery:Crawling recursively for packages in '/home/minnie/gazebo_sim/citysim'
[0.344s] Level 1:colcon.colcon_core.package_identification:_identify(.) by extensions ['ignore', 'ignore_ament_install']
[0.345s] Level 1:colcon.colcon_core.package_identification:_identify(.) by extension 'ignore'
[0.345s] Level 1:colcon.colcon_core.package_identification:_identify(.) by extension 'ignore_ament_install'
[0.345s] Level 1:colcon.colcon_core.package_identification:_identify(.) by extensions ['colcon_pkg']
[0.345s] Level 1:colcon.colcon_core.package_identification:_identify(.) by extension 'colcon_pkg'
[0.345s] Level 1:colcon.colcon_core.package_identification:_identify(.) by extensions ['colcon_meta']
[0.345s] Level 1:colcon.colcon_core.package_identification:_identify(.) by extension 'colcon_meta'
[0.345s] Level 1:colcon.colcon_core.package_identification:_identify(.) by extensions ['ros']
[0.345s] Level 1:colcon.colcon_core.package_identification:_identify(.) by extension 'ros'
[0.359s] Level 1:colcon.colcon_core.package_identification:_identify(.) by extensions ['cmake', 'python']
[0.359s] Level 1:colcon.colcon_core.package_identification:_identify(.) by extension 'cmake'
[0.372s] Level 1:colcon.colcon_core.package_identification:_identify(.) by extension 'python'
[0.372s] DEBUG:colcon.colcon_core.package_identification:Package '.' with type 'cmake' and name 'citysim'
[0.372s] Level 1:colcon.colcon_core.package_discovery:discover_packages(recursive) using defaults
[0.372s] Level 1:colcon.colcon_core.package_discovery:discover_packages(ignore) discover
[0.372s] Level 1:colcon.colcon_core.package_discovery:discover_packages(ignore) using defaults
[0.372s] Level 1:colcon.colcon_core.package_discovery:discover_packages(path) discover
[0.372s] Level 1:colcon.colcon_core.package_discovery:discover_packages(path) using defaults
[0.396s] Level 1:colcon.colcon_core.package_discovery:discover_packages(prefix_path) check parameters
[0.396s] Level 1:colcon.colcon_core.package_discovery:discover_packages(prefix_path) discover
[0.399s] DEBUG:colcon.colcon_installed_package_information.package_discovery:Found 304 installed packages in /opt/ros/humble
[0.413s] Level 1:colcon.colcon_core.package_discovery:discover_packages(prefix_path) using defaults
[0.468s] Level 5:colcon.colcon_core.verb:set package 'citysim' build argument 'cmake_args' from command line to 'None'
[0.468s] Level 5:colcon.colcon_core.verb:set package 'citysim' build argument 'cmake_target' from command line to 'None'
[0.468s] Level 5:colcon.colcon_core.verb:set package 'citysim' build argument 'cmake_target_skip_unavailable' from command line to 'False'
[0.468s] Level 5:colcon.colcon_core.verb:set package 'citysim' build argument 'cmake_clean_cache' from command line to 'False'
[0.468s] Level 5:colcon.colcon_core.verb:set package 'citysim' build argument 'cmake_clean_first' from command line to 'False'
[0.468s] Level 5:colcon.colcon_core.verb:set package 'citysim' build argument 'cmake_force_configure' from command line to 'False'
[0.469s] Level 5:colcon.colcon_core.verb:set package 'citysim' build argument 'ament_cmake_args' from command line to 'None'
[0.469s] Level 5:colcon.colcon_core.verb:set package 'citysim' build argument 'catkin_cmake_args' from command line to 'None'
[0.469s] Level 5:colcon.colcon_core.verb:set package 'citysim' build argument 'catkin_skip_building_tests' from command line to 'False'
[0.469s] DEBUG:colcon.colcon_core.verb:Building package 'citysim' with the following arguments: {'ament_cmake_args': None, 'build_base': '/home/minnie/gazebo_sim/citysim/build/citysim', 'catkin_cmake_args': None, 'catkin_skip_building_tests': False, 'cmake_args': None, 'cmake_clean_cache': False, 'cmake_clean_first': False, 'cmake_force_configure': False, 'cmake_target': None, 'cmake_target_skip_unavailable': False, 'install_base': '/home/minnie/gazebo_sim/citysim/install/citysim', 'merge_install': False, 'path': '/home/minnie/gazebo_sim/citysim', 'symlink_install': True, 'test_result_base': None}
[0.469s] INFO:colcon.colcon_core.executor:Executing jobs using 'parallel' executor
[0.470s] DEBUG:colcon.colcon_parallel_executor.executor.parallel:run_until_complete
[0.470s] INFO:colcon.colcon_cmake.task.cmake.build:Building CMake package in '/home/minnie/gazebo_sim/citysim'
[0.473s] INFO:colcon.colcon_core.plugin_system:Skipping extension 'colcon_core.shell.bat': Not used on non-Windows systems
[0.473s] INFO:colcon.colcon_core.shell:Skip shell extension 'powershell' for command environment: Not usable outside of PowerShell
[0.473s] DEBUG:colcon.colcon_core.shell:Skip shell extension 'dsv' for command environment
[0.482s] DEBUG:colcon.colcon_core.event_handler.log_command:Invoking command in '/home/minnie/gazebo_sim/citysim/build/citysim': /usr/bin/cmake --build /home/minnie/gazebo_sim/citysim/build/citysim -- -j8 -l8
[0.641s] DEBUG:colcon.colcon_core.event_handler.log_command:Invoked command in '/home/minnie/gazebo_sim/citysim/build/citysim' returned '0': /usr/bin/cmake --build /home/minnie/gazebo_sim/citysim/build/citysim -- -j8 -l8
[0.651s] DEBUG:colcon.colcon_core.event_handler.log_command:Invoking command in '/home/minnie/gazebo_sim/citysim/build/citysim': /usr/bin/cmake --install /home/minnie/gazebo_sim/citysim/build/citysim
[0.664s] Level 1:colcon.colcon_core.environment:create_environment_scripts_only(citysim)
[0.670s] DEBUG:colcon.colcon_core.event_handler.log_command:Invoked command in '/home/minnie/gazebo_sim/citysim/build/citysim' returned '0': /usr/bin/cmake --install /home/minnie/gazebo_sim/citysim/build/citysim
[0.671s] Level 1:colcon.colcon_core.environment:checking '/home/minnie/gazebo_sim/citysim/install/citysim' for CMake module files
[0.671s] Level 1:colcon.colcon_core.environment:checking '/home/minnie/gazebo_sim/citysim/install/citysim' for CMake config files
[0.672s] Level 1:colcon.colcon_core.environment:checking '/home/minnie/gazebo_sim/citysim/install/citysim/lib'
[0.673s] Level 1:colcon.colcon_core.environment:checking '/home/minnie/gazebo_sim/citysim/install/citysim/bin'
[0.673s] Level 1:colcon.colcon_core.environment:checking '/home/minnie/gazebo_sim/citysim/install/citysim/lib/pkgconfig/citysim.pc'
[0.673s] Level 1:colcon.colcon_core.environment:checking '/home/minnie/gazebo_sim/citysim/install/citysim/lib/python3.10/site-packages'
[0.673s] Level 1:colcon.colcon_core.environment:checking '/home/minnie/gazebo_sim/citysim/install/citysim/bin'
[0.673s] INFO:colcon.colcon_core.shell:Creating package script '/home/minnie/gazebo_sim/citysim/install/citysim/share/citysim/package.ps1'
[0.674s] INFO:colcon.colcon_core.shell:Creating package descriptor '/home/minnie/gazebo_sim/citysim/install/citysim/share/citysim/package.dsv'
[0.675s] INFO:colcon.colcon_core.shell:Creating package script '/home/minnie/gazebo_sim/citysim/install/citysim/share/citysim/package.sh'
[0.676s] INFO:colcon.colcon_core.shell:Creating package script '/home/minnie/gazebo_sim/citysim/install/citysim/share/citysim/package.bash'
[0.676s] INFO:colcon.colcon_core.shell:Creating package script '/home/minnie/gazebo_sim/citysim/install/citysim/share/citysim/package.zsh'
[0.677s] Level 1:colcon.colcon_core.environment:create_file_with_runtime_dependencies(/home/minnie/gazebo_sim/citysim/install/citysim/share/colcon-core/packages/citysim)
[0.677s] DEBUG:colcon.colcon_parallel_executor.executor.parallel:closing loop
[0.678s] DEBUG:colcon.colcon_parallel_executor.executor.parallel:loop closed
[0.678s] DEBUG:colcon.colcon_parallel_executor.executor.parallel:run_until_complete finished with '0'
[0.678s] DEBUG:colcon.colcon_core.event_reactor:joining thread
[0.684s] INFO:colcon.colcon_core.plugin_system:Skipping extension 'colcon_notification.desktop_notification.terminal_notifier': Not used on non-Darwin systems
[0.684s] INFO:colcon.colcon_core.plugin_system:Skipping extension 'colcon_notification.desktop_notification.win32': Not used on non-Windows systems
[0.684s] INFO:colcon.colcon_notification.desktop_notification:Sending desktop notification using 'notify2'
[0.708s] DEBUG:colcon.colcon_core.event_reactor:joined thread
[0.708s] INFO:colcon.colcon_core.shell:Creating prefix script '/home/minnie/gazebo_sim/citysim/install/local_setup.ps1'
[0.709s] INFO:colcon.colcon_core.shell:Creating prefix util module '/home/minnie/gazebo_sim/citysim/install/_local_setup_util_ps1.py'
[0.711s] INFO:colcon.colcon_core.shell:Creating prefix chain script '/home/minnie/gazebo_sim/citysim/install/setup.ps1'
[0.712s] INFO:colcon.colcon_core.shell:Creating prefix script '/home/minnie/gazebo_sim/citysim/install/local_setup.sh'
[0.713s] INFO:colcon.colcon_core.shell:Creating prefix util module '/home/minnie/gazebo_sim/citysim/install/_local_setup_util_sh.py'
[0.714s] INFO:colcon.colcon_core.shell:Creating prefix chain script '/home/minnie/gazebo_sim/citysim/install/setup.sh'
[0.715s] INFO:colcon.colcon_core.shell:Creating prefix script '/home/minnie/gazebo_sim/citysim/install/local_setup.bash'
[0.715s] INFO:colcon.colcon_core.shell:Creating prefix chain script '/home/minnie/gazebo_sim/citysim/install/setup.bash'
[0.716s] INFO:colcon.colcon_core.shell:Creating prefix script '/home/minnie/gazebo_sim/citysim/install/local_setup.zsh'
[0.717s] INFO:colcon.colcon_core.shell:Creating prefix chain script '/home/minnie/gazebo_sim/citysim/install/setup.zsh'
