[0mCMake Deprecation Warning at CMakeLists.txt:1 (cmake_minimum_required):
  Compatibility with CMake < 2.8.12 will be removed from a future version of
  CMake.

  Update the VERSION argument <min> value or use a ...<max> suffix to tell
  CMake that the project does not need compatibility with older versions.

[0m
-- The C compiler identification is GNU 11.4.0
-- The CXX compiler identification is GNU 11.4.0
-- Detecting C compiler ABI info
-- Detecting C compiler ABI info - done
-- Check for working C compiler: /usr/bin/cc - skipped
-- Detecting C compile features
-- Detecting C compile features - done
-- Detecting CXX compiler ABI info
-- Detecting CXX compiler ABI info - done
-- Check for working CXX compiler: /usr/bin/c++ - skipped
-- Detecting CXX compile features
-- Detecting CXX compile features - done
-- Build type not selected: Release selected by default
[31mCMake Error at CMakeLists.txt:29 (find_package):
  Could not find a configuration file for package "gazebo" that is compatible
  with requested version "9".

  The following configuration files were considered but not accepted:

    /usr/lib/x86_64-linux-gnu/cmake/gazebo/gazebo-config.cmake, version: 11.10.2
    /lib/x86_64-linux-gnu/cmake/gazebo/gazebo-config.cmake, version: 11.10.2


[0m
-- Configuring incomplete, errors occurred!
See also "/home/minnie/gazebo_sim/citysim/build/citysim/CMakeFiles/CMakeOutput.log".
