[0mCMake Deprecation Warning at CMakeLists.txt:1 (cmake_minimum_required):
  Compatibility with CMake < 2.8.12 will be removed from a future version of
  CMake.

  Update the VERSION argument <min> value or use a ...<max> suffix to tell
  CMake that the project does not need compatibility with older versions.

[0m
[33mCMake Warning (dev) at /usr/share/cmake-3.22/Modules/FindPackageHandleStandardArgs.cmake:438 (message):
  The package name passed to `find_package_handle_standard_args` (PkgConfig)
  does not match the name of the calling package (gazebo).  This can lead to
  problems in calling code that expects `find_package` result variables
  (e.g., `_FOUND`) to follow a certain pattern.
Call Stack (most recent call first):
  /usr/share/cmake-3.22/Modules/FindPkgConfig.cmake:99 (find_package_handle_standard_args)
  /usr/lib/x86_64-linux-gnu/cmake/gazebo/gazebo-config.cmake:72 (include)
  CMakeLists.txt:29 (find_package)
This warning is for project developers.  Use -Wno-dev to suppress it.
[0m
-- Found PkgConfig: /usr/bin/pkg-config (found version "0.29.2") 
-- Checking for module 'bullet>=2.82'
--   Found bullet, version 3.05
-- Found fcl: /usr/include (found suitable version "0.7.0", minimum required is "0.5.0") 
-- Found assimp: /usr/include (found version "5.2.0") 
-- Found DART: /usr/include (Required is at least version "6.6") found components: dart 
-- Found Boost: /usr/lib/x86_64-linux-gnu/cmake/Boost-1.74.0/BoostConfig.cmake (found suitable version "1.74.0", minimum required is "1.40.0") found components: thread system filesystem program_options regex iostreams date_time 
-- Found Protobuf: /usr/lib/x86_64-linux-gnu/libprotobuf.so (found version "3.12.4") 
-- Looking for ignition-math6 -- found version 6.15.1
-- Searching for dependencies of ignition-math6
-- Looking for OGRE...
-- OGRE_PREFIX_WATCH changed.
-- Checking for module 'OGRE'
--   Found OGRE, version 1.9.0
-- Found Ogre Ghadamon (1.9.0)
-- Found OGRE: optimized;/usr/lib/x86_64-linux-gnu/libOgreMain.so;debug;/usr/lib/x86_64-linux-gnu/libOgreMain.so
-- Looking for OGRE_Paging...
-- Found OGRE_Paging: optimized;/usr/lib/x86_64-linux-gnu/libOgrePaging.so;debug;/usr/lib/x86_64-linux-gnu/libOgrePaging.so
-- Looking for OGRE_Terrain...
-- Found OGRE_Terrain: optimized;/usr/lib/x86_64-linux-gnu/libOgreTerrain.so;debug;/usr/lib/x86_64-linux-gnu/libOgreTerrain.so
-- Looking for OGRE_Property...
-- Found OGRE_Property: optimized;/usr/lib/x86_64-linux-gnu/libOgreProperty.so;debug;/usr/lib/x86_64-linux-gnu/libOgreProperty.so
-- Looking for OGRE_RTShaderSystem...
-- Found OGRE_RTShaderSystem: optimized;/usr/lib/x86_64-linux-gnu/libOgreRTShaderSystem.so;debug;/usr/lib/x86_64-linux-gnu/libOgreRTShaderSystem.so
-- Looking for OGRE_Volume...
-- Found OGRE_Volume: optimized;/usr/lib/x86_64-linux-gnu/libOgreVolume.so;debug;/usr/lib/x86_64-linux-gnu/libOgreVolume.so
-- Looking for OGRE_Overlay...
-- Found OGRE_Overlay: optimized;/usr/lib/x86_64-linux-gnu/libOgreOverlay.so;debug;/usr/lib/x86_64-linux-gnu/libOgreOverlay.so
-- Looking for ignition-math6 -- found version 6.15.1
-- Looking for ignition-transport8 -- found version 8.2.1
-- Searching for dependencies of ignition-transport8
-- Found Protobuf: /usr/lib/x86_64-linux-gnu/libprotobuf.so (found suitable version "3.12.4", minimum required is "3") 
-- Config-file not installed for ZeroMQ -- checking for pkg-config
-- Checking for module 'libzmq >= 4'
--   Found libzmq , version 4.3.4
-- Found ZeroMQ: TRUE (Required is at least version "4") 
-- Checking for module 'uuid'
--   Found uuid, version 2.37.2
-- Found UUID: TRUE  
-- Looking for ignition-msgs5 -- found version 5.8.1
-- Searching for dependencies of ignition-msgs5
-- Looking for ignition-math6 -- found version 6.15.1
-- Checking for module 'tinyxml2'
--   Found tinyxml2, version 9.0.0
-- Looking for ignition-msgs5 -- found version 5.8.1
-- Looking for ignition-common3 -- found version 3.14.0
-- Searching for dependencies of ignition-common3
-- Looking for dlfcn.h - found
-- Looking for libdl - found
-- Found DL: TRUE  
-- Found tinyobjloader: /usr/lib/x86_64-linux-gnu/cmake/tinyobjloader/tinyobjloader-config.cmake (found version "2.0.0") 
-- Searching for <ignition-common3> component [graphics]
-- Looking for ignition-common3-graphics -- found version 3.14.0
-- Searching for dependencies of ignition-common3-graphics
-- Looking for ignition-math6 -- found version 6.15.1
-- Looking for ignition-fuel_tools4 -- found version 4.4.0
-- Searching for dependencies of ignition-fuel_tools4
-- Found CURL: /usr/lib/x86_64-linux-gnu/libcurl.so (found version "7.81.0")  
-- Checking for module 'jsoncpp'
--   Found jsoncpp, version 1.9.5
-- Found JSONCPP: TRUE  
-- Checking for module 'libzip'
--   Found libzip, version 1.7.3
-- Found ZIP: TRUE  
-- Looking for ignition-common3 -- found version 3.14.0
-- Looking for ignition-math6 -- found version 6.15.1
-- Looking for ignition-msgs5 -- found version 5.8.1
-- Configuring done
[33mCMake Warning (dev) in plugins/CMakeLists.txt:
  Policy CMP0100 is not set: Let AUTOMOC and AUTOUIC process .hh files.  Run
  "cmake --help-policy CMP0100" for policy details.  Use the cmake_policy
  command to set the policy and suppress this warning.

  For compatibility, CMake is excluding the header file(s):

    "/home/minnie/gazebo_sim/citysim/plugins/LensFlareVisualPlugin.hh"

  from processing by AUTOMOC.  If any of the files should be processed, set
  CMP0100 to NEW.  If any of the files should not be processed, explicitly
  exclude them by setting the source file property SKIP_AUTOMOC:

    set_property(SOURCE file.hh PROPERTY SKIP_AUTOMOC ON)

This warning is for project developers.  Use -Wno-dev to suppress it.
[0m
[33mCMake Warning (dev) in plugins/CMakeLists.txt:
  Policy CMP0100 is not set: Let AUTOMOC and AUTOUIC process .hh files.  Run
  "cmake --help-policy CMP0100" for policy details.  Use the cmake_policy
  command to set the policy and suppress this warning.

  For compatibility, CMake is excluding the header file(s):

    "/home/minnie/gazebo_sim/citysim/plugins/BloomVisualPlugin.hh"

  from processing by AUTOMOC.  If any of the files should be processed, set
  CMP0100 to NEW.  If any of the files should not be processed, explicitly
  exclude them by setting the source file property SKIP_AUTOMOC:

    set_property(SOURCE file.hh PROPERTY SKIP_AUTOMOC ON)

This warning is for project developers.  Use -Wno-dev to suppress it.
[0m
[33mCMake Warning (dev) in plugins/CMakeLists.txt:
  Policy CMP0100 is not set: Let AUTOMOC and AUTOUIC process .hh files.  Run
  "cmake --help-policy CMP0100" for policy details.  Use the cmake_policy
  command to set the policy and suppress this warning.

  For compatibility, CMake is excluding the header file(s):

    "/home/minnie/gazebo_sim/citysim/plugins/TrafficLightsGUIPlugin.hh"

  from processing by AUTOMOC.  If any of the files should be processed, set
  CMP0100 to NEW.  If any of the files should not be processed, explicitly
  exclude them by setting the source file property SKIP_AUTOMOC:

    set_property(SOURCE file.hh PROPERTY SKIP_AUTOMOC ON)

This warning is for project developers.  Use -Wno-dev to suppress it.
[0m
-- Generating done
-- Build files have been written to: /home/minnie/gazebo_sim/citysim/build/citysim
[ 16%] [34m[1mAutomatic MOC for target BloomVisualPlugin[0m
[ 16%] [34m[1mAutomatic MOC for target LensFlareVisualPlugin[0m
[ 25%] [34m[1mAutomatic MOC for target TrafficLightsGUIPlugin[0m
[ 25%] Built target LensFlareVisualPlugin_autogen
[ 25%] Built target BloomVisualPlugin_autogen
[ 25%] Built target TrafficLightsGUIPlugin_autogen
[ 58%] [32mBuilding CXX object plugins/CMakeFiles/BloomVisualPlugin.dir/BloomVisualPlugin_autogen/mocs_compilation.cpp.o[0m
[ 58%] [32mBuilding CXX object plugins/CMakeFiles/BloomVisualPlugin.dir/BloomVisualPlugin.cc.o[0m
[ 58%] [32mBuilding CXX object plugins/CMakeFiles/TrafficLightsGUIPlugin.dir/TrafficLightsGUIPlugin.cc.o[0m
[ 58%] [32mBuilding CXX object plugins/CMakeFiles/TrafficLightsGUIPlugin.dir/TrafficLightsGUIPlugin_autogen/mocs_compilation.cpp.o[0m
[01m[K/home/minnie/gazebo_sim/citysim/plugins/TrafficLightsGUIPlugin.cc:[m[K In member function ‘[01m[Kvoid gazebo::TrafficLightsGUIPlugin::OnKeyPress(ConstAnyPtr&)[m[K’:
[01m[K/home/minnie/gazebo_sim/citysim/plugins/TrafficLightsGUIPlugin.cc:80:52:[m[K [01;31m[Kerror: [m[Kincomplete type ‘[01m[Kgazebo::common::Color[m[K’ used in nested name specifier
   80 |   auto red = std::make_pair(gazebo::common::Color::[01;31m[KRed[m[K, "red");
      |                                                    [01;31m[K^~~[m[K
[01m[K/home/minnie/gazebo_sim/citysim/plugins/TrafficLightsGUIPlugin.cc:81:55:[m[K [01;31m[Kerror: [m[Kincomplete type ‘[01m[Kgazebo::common::Color[m[K’ used in nested name specifier
   81 |   auto yellow = std::make_pair(gazebo::common::Color::[01;31m[KYellow[m[K, "yellow");
      |                                                       [01;31m[K^~~~~~[m[K
[01m[K/home/minnie/gazebo_sim/citysim/plugins/TrafficLightsGUIPlugin.cc:82:54:[m[K [01;31m[Kerror: [m[Kincomplete type ‘[01m[Kgazebo::common::Color[m[K’ used in nested name specifier
   82 |   auto green = std::make_pair(gazebo::common::Color::[01;31m[KGreen[m[K, "green");
      |                                                      [01;31m[K^~~~~[m[K
[01m[K/home/minnie/gazebo_sim/citysim/plugins/TrafficLightsGUIPlugin.cc:83:39:[m[K [01;31m[Kerror: [m[Kincomplete type ‘[01m[Kgazebo::common::Color[m[K’ used in nested name specifier
   83 |   auto black = gazebo::common::Color::[01;31m[KBlack[m[K;
      |                                       [01;31m[K^~~~~[m[K
[01m[K/home/minnie/gazebo_sim/citysim/plugins/TrafficLightsGUIPlugin.cc:92:40:[m[K [01;31m[Kerror: [m[Kunable to deduce ‘[01m[Kstd::initializer_list<auto>&&[m[K’ from ‘[01m[K{red, yellow, green}[m[K’
   92 |       for (auto c : {red, yellow, green[01;31m[K}[m[K)
      |                                        [01;31m[K^[m[K
[ 66%] [32m[1mLinking CXX shared library libBloomVisualPlugin.so[0m
[ 66%] Built target BloomVisualPlugin
[ 83%] [32mBuilding CXX object plugins/CMakeFiles/LensFlareVisualPlugin.dir/LensFlareVisualPlugin.cc.o[0m
[ 83%] [32mBuilding CXX object plugins/CMakeFiles/LensFlareVisualPlugin.dir/LensFlareVisualPlugin_autogen/mocs_compilation.cpp.o[0m
gmake[2]: *** [plugins/CMakeFiles/TrafficLightsGUIPlugin.dir/build.make:90: plugins/CMakeFiles/TrafficLightsGUIPlugin.dir/TrafficLightsGUIPlugin.cc.o] Error 1
gmake[1]: *** [CMakeFiles/Makefile2:259: plugins/CMakeFiles/TrafficLightsGUIPlugin.dir/all] Error 2
gmake[1]: *** Waiting for unfinished jobs....
[ 91%] [32m[1mLinking CXX shared library libLensFlareVisualPlugin.so[0m
[ 91%] Built target LensFlareVisualPlugin
gmake: *** [Makefile:156: all] Error 2
