[0.124s] DEBUG:colcon:Command line arguments: ['/usr/bin/colcon', 'build', '--symlink-install']
[0.124s] DEBUG:colcon:Parsed command line arguments: Namespace(log_base=None, log_level=None, verb_name='build', build_base='build', install_base='install', merge_install=False, symlink_install=True, test_result_base=None, continue_on_error=False, executor='parallel', parallel_workers=8, event_handlers=None, ignore_user_meta=False, metas=['./colcon.meta'], base_paths=['.'], packages_ignore=None, packages_ignore_regex=None, paths=None, packages_up_to=None, packages_up_to_regex=None, packages_above=None, packages_above_and_dependencies=None, packages_above_depth=None, packages_select_by_dep=None, packages_skip_by_dep=None, packages_skip_up_to=None, packages_select_build_failed=False, packages_skip_build_finished=False, packages_select_test_failures=False, packages_skip_test_passed=False, packages_select=None, packages_skip=None, packages_select_regex=None, packages_skip_regex=None, packages_start=None, packages_end=None, allow_overriding=[], cmake_args=None, cmake_target=None, cmake_target_skip_unavailable=False, cmake_clean_cache=False, cmake_clean_first=False, cmake_force_configure=False, ament_cmake_args=None, catkin_cmake_args=None, catkin_skip_building_tests=False, verb_parser=<colcon_defaults.argument_parser.defaults.DefaultArgumentsDecorator object at 0x7f2e121fb7c0>, verb_extension=<colcon_core.verb.build.BuildVerb object at 0x7f2e12348b50>, main=<bound method BuildVerb.main of <colcon_core.verb.build.BuildVerb object at 0x7f2e12348b50>>)
[0.336s] Level 1:colcon.colcon_core.package_discovery:discover_packages(colcon_meta) check parameters
[0.336s] Level 1:colcon.colcon_core.package_discovery:discover_packages(recursive) check parameters
[0.336s] Level 1:colcon.colcon_core.package_discovery:discover_packages(ignore) check parameters
[0.336s] Level 1:colcon.colcon_core.package_discovery:discover_packages(path) check parameters
[0.336s] Level 1:colcon.colcon_core.package_discovery:discover_packages(colcon_meta) discover
[0.336s] Level 1:colcon.colcon_core.package_discovery:discover_packages(recursive) discover
[0.336s] INFO:colcon.colcon_core.package_discovery:Crawling recursively for packages in '/home/minnie/gazebo_sim/citysim'
[0.336s] Level 1:colcon.colcon_core.package_identification:_identify(.) by extensions ['ignore', 'ignore_ament_install']
[0.337s] Level 1:colcon.colcon_core.package_identification:_identify(.) by extension 'ignore'
[0.337s] Level 1:colcon.colcon_core.package_identification:_identify(.) by extension 'ignore_ament_install'
[0.337s] Level 1:colcon.colcon_core.package_identification:_identify(.) by extensions ['colcon_pkg']
[0.337s] Level 1:colcon.colcon_core.package_identification:_identify(.) by extension 'colcon_pkg'
[0.337s] Level 1:colcon.colcon_core.package_identification:_identify(.) by extensions ['colcon_meta']
[0.337s] Level 1:colcon.colcon_core.package_identification:_identify(.) by extension 'colcon_meta'
[0.337s] Level 1:colcon.colcon_core.package_identification:_identify(.) by extensions ['ros']
[0.337s] Level 1:colcon.colcon_core.package_identification:_identify(.) by extension 'ros'
[0.350s] Level 1:colcon.colcon_core.package_identification:_identify(.) by extensions ['cmake', 'python']
[0.350s] Level 1:colcon.colcon_core.package_identification:_identify(.) by extension 'cmake'
[0.362s] Level 1:colcon.colcon_core.package_identification:_identify(.) by extension 'python'
[0.362s] DEBUG:colcon.colcon_core.package_identification:Package '.' with type 'cmake' and name 'citysim'
[0.362s] Level 1:colcon.colcon_core.package_discovery:discover_packages(recursive) using defaults
[0.362s] Level 1:colcon.colcon_core.package_discovery:discover_packages(ignore) discover
[0.362s] Level 1:colcon.colcon_core.package_discovery:discover_packages(ignore) using defaults
[0.362s] Level 1:colcon.colcon_core.package_discovery:discover_packages(path) discover
[0.362s] Level 1:colcon.colcon_core.package_discovery:discover_packages(path) using defaults
[0.385s] Level 1:colcon.colcon_core.package_discovery:discover_packages(prefix_path) check parameters
[0.385s] Level 1:colcon.colcon_core.package_discovery:discover_packages(prefix_path) discover
[0.388s] DEBUG:colcon.colcon_installed_package_information.package_discovery:Found 304 installed packages in /opt/ros/humble
[0.402s] Level 1:colcon.colcon_core.package_discovery:discover_packages(prefix_path) using defaults
[0.455s] Level 5:colcon.colcon_core.verb:set package 'citysim' build argument 'cmake_args' from command line to 'None'
[0.455s] Level 5:colcon.colcon_core.verb:set package 'citysim' build argument 'cmake_target' from command line to 'None'
[0.455s] Level 5:colcon.colcon_core.verb:set package 'citysim' build argument 'cmake_target_skip_unavailable' from command line to 'False'
[0.455s] Level 5:colcon.colcon_core.verb:set package 'citysim' build argument 'cmake_clean_cache' from command line to 'False'
[0.455s] Level 5:colcon.colcon_core.verb:set package 'citysim' build argument 'cmake_clean_first' from command line to 'False'
[0.455s] Level 5:colcon.colcon_core.verb:set package 'citysim' build argument 'cmake_force_configure' from command line to 'False'
[0.456s] Level 5:colcon.colcon_core.verb:set package 'citysim' build argument 'ament_cmake_args' from command line to 'None'
[0.456s] Level 5:colcon.colcon_core.verb:set package 'citysim' build argument 'catkin_cmake_args' from command line to 'None'
[0.456s] Level 5:colcon.colcon_core.verb:set package 'citysim' build argument 'catkin_skip_building_tests' from command line to 'False'
[0.456s] DEBUG:colcon.colcon_core.verb:Building package 'citysim' with the following arguments: {'ament_cmake_args': None, 'build_base': '/home/minnie/gazebo_sim/citysim/build/citysim', 'catkin_cmake_args': None, 'catkin_skip_building_tests': False, 'cmake_args': None, 'cmake_clean_cache': False, 'cmake_clean_first': False, 'cmake_force_configure': False, 'cmake_target': None, 'cmake_target_skip_unavailable': False, 'install_base': '/home/minnie/gazebo_sim/citysim/install/citysim', 'merge_install': False, 'path': '/home/minnie/gazebo_sim/citysim', 'symlink_install': True, 'test_result_base': None}
[0.456s] INFO:colcon.colcon_core.executor:Executing jobs using 'parallel' executor
[0.457s] DEBUG:colcon.colcon_parallel_executor.executor.parallel:run_until_complete
[0.457s] INFO:colcon.colcon_cmake.task.cmake.build:Building CMake package in '/home/minnie/gazebo_sim/citysim'
[0.460s] INFO:colcon.colcon_core.plugin_system:Skipping extension 'colcon_core.shell.bat': Not used on non-Windows systems
[0.460s] INFO:colcon.colcon_core.shell:Skip shell extension 'powershell' for command environment: Not usable outside of PowerShell
[0.460s] DEBUG:colcon.colcon_core.shell:Skip shell extension 'dsv' for command environment
[0.470s] DEBUG:colcon.colcon_core.event_handler.log_command:Invoking command in '/home/minnie/gazebo_sim/citysim/build/citysim': /usr/bin/cmake --build /home/minnie/gazebo_sim/citysim/build/citysim -- -j8 -l8
[26.009s] DEBUG:colcon.colcon_core.event_handler.log_command:Invoked command in '/home/minnie/gazebo_sim/citysim/build/citysim' returned '0': /usr/bin/cmake --build /home/minnie/gazebo_sim/citysim/build/citysim -- -j8 -l8
[26.021s] DEBUG:colcon.colcon_core.event_handler.log_command:Invoking command in '/home/minnie/gazebo_sim/citysim/build/citysim': /usr/bin/cmake --install /home/minnie/gazebo_sim/citysim/build/citysim
[26.089s] Level 1:colcon.colcon_core.environment:create_environment_scripts_only(citysim)
[26.090s] DEBUG:colcon.colcon_core.event_handler.log_command:Invoked command in '/home/minnie/gazebo_sim/citysim/build/citysim' returned '0': /usr/bin/cmake --install /home/minnie/gazebo_sim/citysim/build/citysim
[26.093s] Level 1:colcon.colcon_core.environment:checking '/home/minnie/gazebo_sim/citysim/install/citysim' for CMake module files
[26.094s] Level 1:colcon.colcon_core.environment:checking '/home/minnie/gazebo_sim/citysim/install/citysim' for CMake config files
[26.097s] Level 1:colcon.colcon_core.environment:checking '/home/minnie/gazebo_sim/citysim/install/citysim/lib'
[26.097s] Level 1:colcon.colcon_core.environment:checking '/home/minnie/gazebo_sim/citysim/install/citysim/bin'
[26.097s] Level 1:colcon.colcon_core.environment:checking '/home/minnie/gazebo_sim/citysim/install/citysim/lib/pkgconfig/citysim.pc'
[26.098s] Level 1:colcon.colcon_core.environment:checking '/home/minnie/gazebo_sim/citysim/install/citysim/lib/python3.10/site-packages'
[26.099s] Level 1:colcon.colcon_core.environment:checking '/home/minnie/gazebo_sim/citysim/install/citysim/bin'
[26.099s] INFO:colcon.colcon_core.shell:Creating package script '/home/minnie/gazebo_sim/citysim/install/citysim/share/citysim/package.ps1'
[26.101s] INFO:colcon.colcon_core.shell:Creating package descriptor '/home/minnie/gazebo_sim/citysim/install/citysim/share/citysim/package.dsv'
[26.102s] INFO:colcon.colcon_core.shell:Creating package script '/home/minnie/gazebo_sim/citysim/install/citysim/share/citysim/package.sh'
[26.104s] INFO:colcon.colcon_core.shell:Creating package script '/home/minnie/gazebo_sim/citysim/install/citysim/share/citysim/package.bash'
[26.106s] INFO:colcon.colcon_core.shell:Creating package script '/home/minnie/gazebo_sim/citysim/install/citysim/share/citysim/package.zsh'
[26.107s] Level 1:colcon.colcon_core.environment:create_file_with_runtime_dependencies(/home/minnie/gazebo_sim/citysim/install/citysim/share/colcon-core/packages/citysim)
[26.108s] DEBUG:colcon.colcon_parallel_executor.executor.parallel:closing loop
[26.108s] DEBUG:colcon.colcon_parallel_executor.executor.parallel:loop closed
[26.108s] DEBUG:colcon.colcon_parallel_executor.executor.parallel:run_until_complete finished with '0'
[26.109s] DEBUG:colcon.colcon_core.event_reactor:joining thread
[26.114s] INFO:colcon.colcon_core.plugin_system:Skipping extension 'colcon_notification.desktop_notification.terminal_notifier': Not used on non-Darwin systems
[26.114s] INFO:colcon.colcon_core.plugin_system:Skipping extension 'colcon_notification.desktop_notification.win32': Not used on non-Windows systems
[26.114s] INFO:colcon.colcon_notification.desktop_notification:Sending desktop notification using 'notify2'
[26.133s] DEBUG:colcon.colcon_core.event_reactor:joined thread
[26.133s] INFO:colcon.colcon_core.shell:Creating prefix script '/home/minnie/gazebo_sim/citysim/install/local_setup.ps1'
[26.135s] INFO:colcon.colcon_core.shell:Creating prefix util module '/home/minnie/gazebo_sim/citysim/install/_local_setup_util_ps1.py'
[26.136s] INFO:colcon.colcon_core.shell:Creating prefix chain script '/home/minnie/gazebo_sim/citysim/install/setup.ps1'
[26.138s] INFO:colcon.colcon_core.shell:Creating prefix script '/home/minnie/gazebo_sim/citysim/install/local_setup.sh'
[26.138s] INFO:colcon.colcon_core.shell:Creating prefix util module '/home/minnie/gazebo_sim/citysim/install/_local_setup_util_sh.py'
[26.139s] INFO:colcon.colcon_core.shell:Creating prefix chain script '/home/minnie/gazebo_sim/citysim/install/setup.sh'
[26.140s] INFO:colcon.colcon_core.shell:Creating prefix script '/home/minnie/gazebo_sim/citysim/install/local_setup.bash'
[26.141s] INFO:colcon.colcon_core.shell:Creating prefix chain script '/home/minnie/gazebo_sim/citysim/install/setup.bash'
[26.142s] INFO:colcon.colcon_core.shell:Creating prefix script '/home/minnie/gazebo_sim/citysim/install/local_setup.zsh'
[26.142s] INFO:colcon.colcon_core.shell:Creating prefix chain script '/home/minnie/gazebo_sim/citysim/install/setup.zsh'
